15:18:34, TRACE: updateExportSettings: done.
15:18:34, INFO : Environment: plugin: 7.5.1.20251214 Lr: 14.5 OS: 26.2.0.25C56 Lang: it
15:18:34, INFO : processRenderedPhotos starting
15:18:34, TRACE: openSession(operation = ProcessRenderedPhotos, publishMode = Publish) starting ...
15:18:34, DEBUG: openSession: copy collection upload settings
15:18:34, DEBUG: getCollectionUploadPath() returns 'test'
15:18:34, DEBUG: Photos.new(url=http://[NAS_IP]:5000, personal=true, persUser=[USER], timeout=10, version=78, username=[USER], otp=nil, password=***)
15:18:34, TRACE: pathIdCacheInitialize(user='[USER]')
15:18:34, DEBUG: Photos_API: LrHttp.post(url='http://[NAS_IP]:5000/webapi/query.cgi', API=SYNO.API.Info params='version=1&api=SYNO.API.Info&method=query&query=SYNO.API.,SYNO.Foto.,SYNO.FotoTeam.')
...existing code...
{"data":{"account":"[USER]","device_id":"[DEVICE_ID]","sid":"[SID]","synotoken":"[TOKEN]"},"success":true}
...existing code...
{"data":{"folder":{"id":537,"name":"/test","owner_user_id":3,"parent":519,"passphrase":"","shared":false,"sort_by":"default","sort_direction":"default"}},"success":true}
...existing code...
15:18:36, TRACE: getFolderId(userid=[USER], path '/test') returns '537' (after creating folder)
...existing code...
15:18:36, ERROR: That does it, I'm leaving! Internal error: '[string "PSPhotosAPI.lua"]:604: attempt to index field '?' (a nil value)'
...existing code...
15:23:37, ERROR: waitSemaphore('_MG_9840.jpg'): 'PhotoServer' is blocked by '_MG_9840.jpg' since 300 sec! Please, restart Lr if it this is not going to end!
15:23:37, ERROR: Upload of '/Users/[LOCAL_USER]/Pictures/foto_per_test/_MG_9840.JPG' to 'test/_MG_9840.jpg' failed!
...existing code...
